SF:app/__init__.py
end_of_record
SF:app/agents/__init__.py
end_of_record
SF:app/agents/orchestrator.py
DA:6,1
DA:8,1
DA:9,1
DA:10,1
DA:12,1
DA:14,1
DA:15,1
DA:16,1
DA:17,1
DA:19,1
DA:21,1
DA:32,1
DA:38,1
DA:44,1
DA:46,1
DA:53,1
DA:54,1
DA:55,1
DA:58,1
DA:59,1
DA:60,1
DA:61,1
DA:62,1
DA:63,1
DA:64,1
DA:65,1
DA:67,1
DA:68,1
DA:69,1
DA:73,1
DA:74,1
DA:75,1
DA:76,1
DA:78,1
DA:79,1
DA:80,1
DA:81,1
DA:82,1
DA:83,1
DA:84,1
DA:85,1
DA:86,1
DA:87,1
DA:88,1
DA:89,1
DA:90,1
DA:91,1
DA:93,1
DA:100,1
DA:101,1
DA:104,1
DA:109,1
DA:110,1
DA:113,1
DA:120,1
DA:129,1
DA:131,1
LF:57
LH:57
FN:53,55,_get_skills_for_route
FNDA:1,_get_skills_for_route
FN:59,65,AgentOrchestrator.__init__
FNDA:1,AgentOrchestrator.__init__
FN:67,91,AgentOrchestrator._classify_route
FNDA:1,AgentOrchestrator._classify_route
FN:93,138,AgentOrchestrator.execute
FNDA:1,AgentOrchestrator.execute
FNF:4
FNH:4
end_of_record
SF:app/agents/react.py
DA:1,1
DA:3,1
DA:4,1
DA:5,1
DA:7,1
DA:9,1
DA:10,1
DA:11,1
DA:13,1
DA:15,1
DA:21,1
DA:38,1
DA:40,1
DA:41,1
DA:42,1
DA:61,1
DA:64,1
DA:66,1
DA:67,1
DA:68,1
DA:69,1
DA:70,1
DA:71,1
DA:72,1
DA:73,1
DA:74,1
DA:75,1
DA:78,1
DA:79,1
DA:86,1
DA:87,1
DA:88,1
DA:89,1
DA:90,1
DA:91,1
DA:92,1
DA:93,1
DA:95,1
DA:98,1
DA:99,1
DA:100,1
DA:101,1
DA:102,1
DA:103,1
DA:104,1
DA:105,1
DA:106,1
DA:108,1
DA:118,1
DA:119,1
DA:120,1
DA:122,1
DA:126,1
DA:127,1
DA:129,1
DA:130,1
DA:131,1
DA:133,1
DA:134,1
DA:136,1
DA:137,1
DA:148,1
DA:150,1
DA:151,1
DA:152,1
DA:159,1
DA:161,1
DA:162,1
DA:163,1
DA:164,1
DA:165,0
DA:166,0
DA:168,1
DA:170,1
DA:171,1
DA:172,0
DA:174,1
DA:175,1
DA:176,0
DA:182,1
DA:183,1
DA:184,0
DA:186,1
DA:191,1
DA:192,0
DA:193,0
DA:195,1
DA:205,1
DA:213,1
DA:214,0
DA:216,1
DA:218,1
DA:226,1
DA:227,1
DA:230,1
DA:235,1
DA:236,1
DA:237,1
DA:238,1
DA:239,1
DA:240,1
DA:241,1
DA:243,1
DA:244,1
DA:247,1
DA:249,1
DA:257,1
DA:259,1
DA:260,1
DA:261,1
DA:262,1
DA:263,1
DA:264,0
DA:265,0
DA:266,0
LF:115
LH:104
FN:38,61,_skills_to_tools
FNDA:1,_skills_to_tools
FN:64,75,_parse_reflection
FNDA:1,_parse_reflection
FN:79,93,ReActAgent.__init__
FNDA:1,ReActAgent.__init__
FN:95,106,ReActAgent._call_llm
FNDA:1,ReActAgent._call_llm
FN:108,216,ReActAgent._run_react_loop
FNDA:1,ReActAgent._run_react_loop
FN:218,255,ReActAgent.execute
FNDA:1,ReActAgent.execute
FN:257,266,ReActAgent._reflect
FNDA:1,ReActAgent._reflect
FNF:7
FNH:7
end_of_record
SF:app/api/__init__.py
DA:1,1
DA:3,1
LF:2
LH:2
end_of_record
SF:app/api/documents.py
DA:1,1
DA:3,1
DA:5,1
DA:6,1
DA:7,1
DA:9,1
DA:10,1
DA:11,1
DA:12,1
DA:19,1
DA:20,1
DA:21,1
DA:22,1
DA:24,1
DA:26,1
DA:29,1
DA:31,1
DA:32,1
DA:36,1
DA:37,1
DA:38,1
DA:39,1
DA:41,1
DA:42,1
DA:43,1
DA:44,0
DA:45,0
DA:46,0
DA:49,1
DA:50,1
DA:56,1
DA:57,1
DA:58,1
DA:59,1
DA:60,1
DA:63,0
DA:64,0
DA:65,1
DA:66,1
DA:69,1
DA:70,0
DA:71,1
DA:81,1
DA:82,1
DA:91,1
DA:92,1
DA:93,1
DA:101,1
DA:109,1
DA:110,1
DA:111,1
DA:112,1
DA:113,1
DA:114,1
DA:115,0
DA:116,1
DA:119,1
DA:120,1
DA:121,1
DA:122,1
DA:123,1
DA:124,1
DA:130,1
DA:131,1
DA:132,1
DA:133,1
DA:134,1
DA:135,1
DA:136,0
DA:137,1
DA:140,1
DA:143,1
DA:144,1
DA:145,1
DA:146,1
DA:147,1
DA:148,1
DA:149,0
DA:150,1
DA:151,1
LF:80
LH:71
FN:29,46,_enqueue_or_run_sync
FNDA:1,_enqueue_or_run_sync
FN:50,78,upload_document
FNDA:1,upload_document
FN:82,106,list_documents
FNDA:1,list_documents
FN:110,116,get_document
FNDA:1,get_document
FN:120,127,list_document_chunks
FNDA:1,list_document_chunks
FN:131,140,delete_document
FNDA:1,delete_document
FN:144,151,reindex_document
FNDA:1,reindex_document
FNF:7
FNH:7
end_of_record
SF:app/api/retrieval.py
DA:1,1
DA:3,1
DA:4,1
DA:6,1
DA:7,1
DA:8,1
DA:9,1
DA:11,1
DA:14,1
DA:15,1
DA:18,1
DA:19,1
DA:20,1
LF:13
LH:13
FN:15,20,search_documents
FNDA:1,search_documents
FNF:1
FNH:1
end_of_record
SF:app/api/streaming.py
DA:1,1
DA:3,1
DA:4,1
DA:5,1
DA:6,1
DA:7,1
DA:8,1
DA:10,1
DA:12,1
DA:15,1
DA:16,1
DA:17,1
DA:19,1
DA:20,1
DA:21,1
DA:22,1
DA:23,1
DA:25,1
DA:26,1
DA:27,1
DA:28,1
DA:31,1
DA:36,1
DA:37,1
DA:38,1
DA:39,0
DA:41,1
DA:42,1
DA:43,1
DA:44,1
DA:45,1
DA:46,1
DA:47,1
DA:50,1
DA:51,0
DA:52,0
DA:53,0
DA:56,0
DA:57,0
DA:58,0
DA:59,0
DA:62,0
DA:64,1
DA:66,1
DA:69,1
DA:70,1
LF:46
LH:37
FN:16,17,StreamTaskRegistry.__init__
FNDA:1,StreamTaskRegistry.__init__
FN:19,23,StreamTaskRegistry.register
FNDA:1,StreamTaskRegistry.register
FN:25,28,StreamTaskRegistry.clear
FNDA:1,StreamTaskRegistry.clear
FN:31,66,create_sse_response
FNDA:1,create_sse_response
FN:36,64,create_sse_response.stream
FNDA:1,create_sse_response.stream
FN:69,70,_format_sse
FNDA:1,_format_sse
FNF:6
FNH:6
end_of_record
SF:app/auth.py
DA:11,1
DA:13,1
DA:14,1
DA:16,1
DA:17,1
DA:18,1
DA:20,1
DA:22,1
DA:23,1
DA:26,1
DA:27,1
DA:28,1
DA:31,1
DA:32,1
DA:33,1
DA:34,1
DA:37,1
DA:38,1
DA:39,0
DA:40,0
DA:44,0
DA:46,0
DA:47,0
DA:53,0
DA:54,0
DA:57,1
DA:64,0
DA:65,0
DA:66,0
DA:68,0
DA:69,0
DA:71,0
DA:72,0
DA:73,0
DA:75,0
DA:76,0
DA:77,0
DA:78,0
DA:79,0
DA:80,0
LF:40
LH:19
FN:38,54,login
FNDA:0,login
FN:57,80,require_auth
FNDA:0,require_auth
FNF:2
FNH:0
end_of_record
SF:app/config.py
DA:1,1
DA:3,1
DA:4,1
DA:5,1
DA:7,1
DA:8,1
DA:10,1
DA:16,1
DA:36,1
DA:37,1
DA:38,1
DA:39,1
DA:40,1
DA:41,1
DA:42,1
DA:44,1
DA:45,1
DA:46,1
DA:47,1
DA:49,1
DA:50,1
DA:51,1
DA:52,1
DA:54,1
DA:55,1
DA:56,1
DA:57,1
DA:58,1
DA:59,1
DA:60,1
DA:61,1
DA:63,1
DA:64,1
DA:65,1
DA:66,1
DA:67,1
DA:68,1
DA:69,1
DA:70,1
DA:71,1
DA:73,1
DA:74,1
DA:75,1
DA:76,1
DA:77,1
DA:78,1
DA:80,1
DA:81,1
DA:82,1
DA:84,1
DA:86,1
DA:87,1
DA:88,1
DA:89,1
DA:91,1
DA:92,1
DA:93,1
DA:94,1
DA:95,1
DA:96,1
DA:97,1
DA:99,1
DA:100,1
DA:101,1
DA:105,1
DA:110,1
DA:111,1
DA:113,1
DA:120,1
DA:121,1
DA:122,1
DA:124,1
DA:125,1
DA:126,1
DA:128,1
DA:129,1
DA:130,1
DA:131,0
DA:132,1
DA:134,1
DA:135,1
DA:136,1
DA:138,1
DA:139,1
DA:140,1
DA:142,1
DA:143,1
DA:144,1
DA:147,1
DA:148,1
DA:149,1
DA:150,0
DA:151,1
DA:154,1
DA:155,1
DA:156,1
LF:96
LH:94
FN:121,122,Settings.redis_url
FNDA:1,Settings.redis_url
FN:125,126,Settings.celery_broker_url
FNDA:1,Settings.celery_broker_url
FN:129,132,Settings.celery_result_backend
FNDA:1,Settings.celery_result_backend
FN:135,136,Settings.chroma_api_url
FNDA:1,Settings.chroma_api_url
FN:139,140,Settings.intent_keyword_rules
FNDA:1,Settings.intent_keyword_rules
FN:143,144,Settings.intent_policy_map
FNDA:1,Settings.intent_policy_map
FN:147,151,_load_json_mapping
FNDA:1,_load_json_mapping
FN:155,156,get_settings
FNDA:1,get_settings
FNF:8
FNH:8
end_of_record
SF:app/config_manager.py
DA:1,1
DA:3,1
DA:4,1
DA:5,1
DA:6,1
DA:8,1
DA:10,1
DA:11,1
DA:13,1
DA:16,1
DA:17,1
DA:19,1
DA:20,1
DA:21,1
DA:22,1
DA:23,1
DA:24,1
DA:25,1
DA:26,1
DA:27,1
DA:28,1
DA:30,1
DA:31,1
DA:32,1
DA:33,1
DA:34,1
DA:37,1
DA:38,1
DA:39,1
DA:40,1
DA:41,1
DA:44,1
DA:45,1
DA:46,1
DA:47,1
DA:48,1
DA:50,1
DA:51,1
DA:53,1
DA:54,1
DA:56,1
DA:57,1
DA:58,1
DA:59,1
DA:61,1
DA:62,1
DA:63,1
DA:64,1
DA:65,1
DA:67,1
DA:68,1
DA:69,1
DA:70,1
DA:72,1
DA:73,1
DA:74,1
DA:75,1
DA:78,1
DA:79,1
DA:80,1
DA:82,1
DA:83,1
DA:85,1
DA:86,1
DA:89,1
DA:90,1
DA:91,1
DA:93,1
DA:94,1
DA:96,1
DA:97,1
DA:100,1
DA:101,1
DA:102,1
DA:103,1
DA:104,1
DA:105,1
DA:107,1
DA:108,1
DA:109,1
DA:111,1
DA:112,1
DA:113,1
DA:115,1
DA:118,1
DA:119,1
DA:120,1
DA:121,1
DA:122,1
DA:123,1
DA:124,1
DA:125,1
DA:129,1
DA:130,1
DA:131,1
DA:132,1
DA:133,1
DA:139,1
DA:140,1
DA:144,1
DA:146,1
DA:147,1
DA:148,1
DA:149,1
DA:152,1
DA:153,1
DA:154,1
DA:168,1
DA:169,1
DA:170,1
DA:171,1
DA:172,1
DA:173,1
DA:176,1
DA:177,1
DA:178,1
DA:179,1
DA:180,1
DA:181,1
DA:182,1
DA:183,1
DA:184,1
LF:122
LH:122
FN:31,34,RuntimeConfig.validate_token_limits
FNDA:1,RuntimeConfig.validate_token_limits
FN:45,48,AsyncRWLock.__init__
FNDA:1,AsyncRWLock.__init__
FN:50,51,AsyncRWLock.read_lock
FNDA:1,AsyncRWLock.read_lock
FN:53,54,AsyncRWLock.write_lock
FNDA:1,AsyncRWLock.write_lock
FN:56,59,AsyncRWLock.acquire_read
FNDA:1,AsyncRWLock.acquire_read
FN:61,65,AsyncRWLock.release_read
FNDA:1,AsyncRWLock.release_read
FN:67,70,AsyncRWLock.acquire_write
FNDA:1,AsyncRWLock.acquire_write
FN:72,75,AsyncRWLock.release_write
FNDA:1,AsyncRWLock.release_write
FN:79,80,_ReadLock.__init__
FNDA:1,_ReadLock.__init__
FN:82,83,_ReadLock.__aenter__
FNDA:1,_ReadLock.__aenter__
FN:85,86,_ReadLock.__aexit__
FNDA:1,_ReadLock.__aexit__
FN:90,91,_WriteLock.__init__
FNDA:1,_WriteLock.__init__
FN:93,94,_WriteLock.__aenter__
FNDA:1,_WriteLock.__aenter__
FN:96,97,_WriteLock.__aexit__
FNDA:1,_WriteLock.__aexit__
FN:101,105,ConfigManager.__init__
FNDA:1,ConfigManager.__init__
FN:107,109,ConfigManager.get_snapshot
FNDA:1,ConfigManager.get_snapshot
FN:111,113,ConfigManager.list_audit_entries
FNDA:1,ConfigManager.list_audit_entries
FN:115,144,ConfigManager.update
FNDA:1,ConfigManager.update
FN:146,149,ConfigManager.reset
FNDA:1,ConfigManager.reset
FN:152,165,runtime_config_from_settings
FNDA:1,runtime_config_from_settings
FN:168,173,_compute_changes
FNDA:1,_compute_changes
FN:176,184,_normalize_patch
FNDA:1,_normalize_patch
FNF:22
FNH:22
end_of_record
SF:app/core/__init__.py
end_of_record
SF:app/core/context.py
DA:1,1
DA:3,1
DA:4,1
DA:5,1
DA:7,1
DA:8,1
DA:9,1
DA:10,1
DA:12,1
DA:15,1
DA:16,1
DA:24,1
DA:25,1
DA:26,1
DA:27,1
DA:28,1
DA:31,1
DA:32,1
DA:37,1
DA:45,1
DA:53,1
DA:59,1
DA:60,1
DA:61,1
DA:62,1
DA:63,1
DA:71,1
DA:72,0
DA:73,0
DA:74,0
DA:75,0
DA:76,0
DA:84,1
DA:85,1
DA:86,1
DA:92,1
DA:93,1
DA:94,1
DA:95,1
DA:103,1
DA:104,1
DA:105,1
DA:108,1
DA:111,1
DA:117,1
DA:118,1
DA:125,1
DA:126,1
DA:128,1
DA:129,1
DA:130,1
DA:132,1
DA:133,1
DA:134,1
DA:136,1
DA:138,1
DA:141,1
DA:142,1
DA:143,1
DA:144,1
DA:145,1
LF:61
LH:56
FN:16,43,ContextBuilder.__init__
FNDA:1,ContextBuilder.__init__
FN:45,126,ContextBuilder.build_prompt
FNDA:1,ContextBuilder.build_prompt
FN:128,136,ContextBuilder._search_long_term_memories
FNDA:1,ContextBuilder._search_long_term_memories
FN:138,145,ContextBuilder._split_working_memory
FNDA:1,ContextBuilder._split_working_memory
FNF:4
FNH:4
end_of_record
SF:app/core/intent_router.py
DA:1,1
DA:3,1
DA:4,1
DA:5,1
DA:6,1
DA:8,1
DA:9,1
DA:11,1
DA:14,1
DA:15,1
DA:16,1
DA:17,1
DA:20,1
DA:21,1
DA:22,1
DA:23,1
DA:24,1
DA:25,1
DA:28,1
DA:32,1
DA:54,1
DA:57,1
DA:58,0
DA:59,0
DA:60,0
DA:61,0
DA:62,0
DA:64,1
DA:66,0
DA:67,0
DA:68,0
DA:71,0
DA:72,0
DA:73,0
DA:74,0
DA:75,0
DA:76,0
DA:77,0
DA:78,0
DA:81,0
DA:82,0
DA:83,0
DA:84,0
DA:85,0
DA:86,0
DA:88,0
DA:89,0
DA:92,0
DA:93,0
DA:94,0
DA:95,0
DA:96,0
DA:98,1
DA:99,0
DA:101,0
DA:102,0
DA:103,0
DA:104,0
DA:105,0
DA:106,0
DA:107,0
DA:108,0
DA:109,0
DA:110,0
DA:112,1
DA:113,1
DA:114,0
DA:115,0
DA:116,0
DA:117,0
DA:118,0
DA:119,0
DA:122,1
DA:123,1
DA:124,1
DA:126,1
DA:127,0
DA:133,0
DA:134,0
DA:137,1
DA:138,1
DA:148,1
DA:149,1
DA:150,1
DA:151,1
DA:152,1
DA:153,1
DA:154,1
DA:159,1
DA:160,1
DA:161,1
DA:163,1
DA:164,1
DA:165,1
DA:166,0
DA:169,1
DA:170,1
DA:171,1
DA:179,1
DA:182,1
DA:183,0
DA:184,0
DA:185,0
DA:186,0
DA:190,0
DA:191,0
DA:192,0
DA:195,1
DA:196,0
DA:198,1
DA:199,1
DA:200,1
DA:201,1
DA:205,1
DA:207,1
DA:208,1
DA:216,1
DA:218,1
DA:219,1
DA:220,1
DA:221,1
DA:222,1
DA:223,1
DA:224,1
DA:226,1
DA:227,1
DA:228,1
DA:229,1
DA:230,1
DA:234,1
DA:242,1
DA:243,1
DA:244,1
DA:245,1
DA:246,1
DA:247,1
DA:250,1
DA:254,1
DA:255,1
DA:256,1
DA:259,1
DA:260,1
DA:261,1
DA:262,1
DA:263,1
DA:264,1
DA:265,1
DA:266,1
DA:267,0
DA:270,1
DA:271,1
DA:272,1
DA:273,1
DA:274,1
DA:275,1
DA:276,1
DA:277,1
LF:157
LH:98
FN:29,29,IntentLLMClassifier.classify
FNDA:0,IntentLLMClassifier.classify
FN:57,62,EmbeddingIntentClassifier.__init__
FNDA:0,EmbeddingIntentClassifier.__init__
FN:64,96,EmbeddingIntentClassifier.classify
FNDA:0,EmbeddingIntentClassifier.classify
FN:98,110,EmbeddingIntentClassifier._get_embedding
FNDA:0,EmbeddingIntentClassifier._get_embedding
FN:113,119,EmbeddingIntentClassifier._cosine_similarity
FNDA:0,EmbeddingIntentClassifier._cosine_similarity
FN:123,124,LiteLLMIntentClassifier.__init__
FNDA:1,LiteLLMIntentClassifier.__init__
FN:126,134,LiteLLMIntentClassifier.classify
FNDA:0,LiteLLMIntentClassifier.classify
FN:138,161,IntentRouter.__init__
FNDA:1,IntentRouter.__init__
FN:163,216,IntentRouter.detect
FNDA:1,IntentRouter.detect
FN:218,224,IntentRouter._match_keywords
FNDA:1,IntentRouter._match_keywords
FN:226,239,IntentRouter._build_result
FNDA:1,IntentRouter._build_result
FN:242,256,_build_policy_map
FNDA:1,_build_policy_map
FN:259,267,_parse_llm_intents
FNDA:1,_parse_llm_intents
FN:270,277,_dedupe_preserve_order
FNDA:1,_dedupe_preserve_order
FNF:14
FNH:8
end_of_record
SF:app/core/llm.py
DA:1,1
DA:3,1
DA:4,1
DA:5,1
DA:7,1
DA:9,1
DA:11,1
DA:14,1
DA:15,1
DA:16,1
DA:17,1
DA:18,1
DA:19,1
DA:24,1
DA:25,1
DA:26,1
DA:27,1
DA:28,1
DA:29,1
DA:30,1
DA:31,1
DA:33,1
DA:34,1
DA:35,1
DA:36,1
DA:37,1
DA:38,1
DA:39,1
DA:40,1
DA:41,1
DA:44,1
DA:45,1
DA:46,1
DA:49,1
DA:50,1
DA:51,1
DA:53,1
DA:56,1
DA:57,1
DA:60,0
DA:61,0
DA:62,1
DA:63,1
DA:64,1
DA:65,1
DA:66,0
DA:67,0
DA:71,0
DA:76,0
DA:77,0
DA:78,0
DA:79,0
DA:83,0
DA:87,0
DA:88,1
DA:91,1
DA:96,1
DA:97,1
DA:101,1
DA:102,1
DA:103,1
DA:104,1
DA:105,1
DA:106,1
DA:108,1
DA:111,1
DA:116,1
DA:117,1
DA:118,1
DA:119,1
DA:120,1
DA:121,1
DA:122,1
DA:123,1
DA:124,1
DA:125,1
DA:126,1
DA:127,1
DA:129,1
DA:130,1
DA:135,1
DA:136,1
DA:137,1
DA:138,0
DA:139,1
DA:140,1
DA:141,1
DA:142,1
DA:143,1
DA:144,1
DA:145,1
DA:146,1
DA:148,1
DA:149,1
DA:150,1
DA:151,0
DA:152,1
DA:153,1
DA:154,1
DA:155,1
DA:156,1
DA:157,1
DA:159,1
DA:160,1
DA:161,1
DA:162,1
DA:163,1
DA:164,1
DA:165,1
LF:109
LH:96
FN:14,21,build_rule_based_fallback_reply
FNDA:1,build_rule_based_fallback_reply
FN:25,31,LLMClient.__init__
FNDA:1,LLMClient.__init__
FN:33,51,LLMClient.generate
FNDA:1,LLMClient.generate
FN:53,94,LLMClient.stream_generate
FNDA:1,LLMClient.stream_generate
FN:96,106,LLMClient._generate_once
FNDA:1,LLMClient._generate_once
FN:108,127,LLMClient._stream_once
FNDA:1,LLMClient._stream_once
FN:129,133,LLMClient._build_messages
FNDA:1,LLMClient._build_messages
FN:135,146,LLMClient._extract_delta
FNDA:1,LLMClient._extract_delta
FN:148,157,LLMClient._extract_thinking
FNDA:1,LLMClient._extract_thinking
FN:159,165,LLMClient._first_choice
FNDA:1,LLMClient._first_choice
FNF:10
FNH:10
end_of_record
SF:app/core/router.py
DA:1,0
DA:3,0
DA:5,0
LF:3
LH:0
end_of_record
SF:app/core/token_budget.py
DA:1,1
DA:3,1
DA:4,1
DA:5,1
DA:7,1
DA:10,1
DA:16,1
DA:17,1
DA:18,1
DA:19,1
DA:20,1
DA:21,1
DA:24,1
DA:25,1
DA:26,1
DA:27,1
DA:28,1
DA:29,1
DA:30,1
DA:31,1
DA:33,1
DA:34,1
DA:35,1
DA:38,1
DA:39,1
DA:40,1
DA:41,1
DA:42,0
DA:43,0
DA:44,0
DA:45,0
DA:47,1
DA:48,1
DA:51,1
DA:52,1
DA:59,1
DA:60,1
DA:61,1
DA:62,1
DA:63,1
DA:64,1
DA:65,1
DA:66,1
DA:68,1
DA:69,1
DA:70,1
DA:71,1
DA:73,1
DA:74,1
DA:75,1
DA:76,1
DA:77,1
DA:79,1
DA:80,1
DA:88,1
DA:89,1
DA:90,1
DA:91,1
DA:92,1
DA:93,1
DA:94,1
DA:95,1
DA:97,1
DA:98,1
DA:100,1
DA:101,1
DA:110,1
DA:111,1
DA:112,1
DA:113,1
DA:114,1
DA:116,1
DA:117,0
DA:118,0
DA:123,0
DA:124,1
DA:126,1
DA:127,1
DA:129,1
DA:130,1
DA:133,1
DA:134,1
DA:135,1
DA:136,1
DA:138,1
DA:139,1
DA:140,1
DA:141,1
DA:142,1
DA:143,0
DA:144,1
DA:145,1
DA:149,1
DA:150,0
DA:151,0
DA:152,1
DA:153,1
DA:154,0
DA:155,0
DA:156,1
DA:162,1
DA:163,1
DA:164,1
DA:166,1
DA:167,1
DA:168,0
DA:169,1
DA:174,1
DA:176,1
DA:177,1
DA:178,0
DA:179,1
DA:180,1
DA:181,1
DA:182,0
DA:183,1
DA:184,1
DA:185,1
DA:186,1
DA:187,1
DA:188,1
DA:189,0
DA:190,0
DA:191,0
DA:192,0
DA:193,0
DA:194,0
LF:127
LH:106
FN:11,11,TokenEncoder.encode
FNDA:0,TokenEncoder.encode
FN:13,13,TokenEncoder.decode
FNDA:0,TokenEncoder.decode
FN:34,35,TokenTrimResult.trimmed_text
FNDA:1,TokenTrimResult.trimmed_text
FN:39,45,FallbackTokenEncoder.encode
FNDA:1,FallbackTokenEncoder.encode
FN:47,48,FallbackTokenEncoder.decode
FNDA:1,FallbackTokenEncoder.decode
FN:52,66,TokenBudgetManager.__init__
FNDA:1,TokenBudgetManager.__init__
FN:68,71,TokenBudgetManager.count_tokens
FNDA:1,TokenBudgetManager.count_tokens
FN:73,108,TokenBudgetManager.trim_context
FNDA:1,TokenBudgetManager.trim_context
FN:110,124,TokenBudgetManager._get_encoder
FNDA:1,TokenBudgetManager._get_encoder
FN:126,127,TokenBudgetManager._total_tokens
FNDA:1,TokenBudgetManager._total_tokens
FN:129,136,TokenBudgetManager._find_drop_candidate
FNDA:1,TokenBudgetManager._find_drop_candidate
FN:138,164,TokenBudgetManager._truncate_last_resort
FNDA:1,TokenBudgetManager._truncate_last_resort
FN:166,174,TokenBudgetManager._find_truncation_candidate
FNDA:1,TokenBudgetManager._find_truncation_candidate
FN:176,194,TokenBudgetManager._truncate_text
FNDA:1,TokenBudgetManager._truncate_text
FNF:14
FNH:12
end_of_record
SF:app/db/__init__.py
DA:1,1
LF:1
LH:1
end_of_record
SF:app/db/base.py
DA:1,1
DA:3,1
DA:6,1
DA:7,1
LF:4
LH:4
end_of_record
SF:app/db/models/__init__.py
DA:1,1
DA:2,1
DA:3,1
LF:3
LH:3
end_of_record
SF:app/db/models/document.py
DA:1,1
DA:3,1
DA:5,1
DA:6,1
DA:8,1
DA:11,1
DA:12,1
DA:14,1
DA:15,1
DA:16,1
DA:17,1
DA:18,1
DA:19,1
DA:20,1
DA:21,1
DA:22,1
DA:23,1
DA:24,1
DA:25,1
DA:26,1
DA:27,1
DA:28,1
DA:29,1
DA:30,1
DA:31,1
DA:32,1
DA:33,1
DA:36,1
DA:37,1
LF:29
LH:29
end_of_record
SF:app/db/models/document_chunk.py
DA:1,1
DA:3,1
DA:5,1
DA:6,1
DA:8,1
DA:11,1
DA:12,1
DA:14,1
DA:15,1
DA:16,1
DA:17,1
DA:18,1
DA:19,1
DA:20,1
DA:21,1
DA:22,1
DA:23,1
DA:24,1
DA:25,1
DA:26,1
DA:27,1
LF:21
LH:21
end_of_record
SF:app/db/models/ingestion_job.py
DA:1,1
DA:3,1
DA:5,1
DA:6,1
DA:8,1
DA:11,1
DA:12,1
DA:14,1
DA:15,1
DA:16,1
DA:17,1
DA:18,1
DA:19,1
DA:20,1
DA:21,1
DA:22,1
DA:23,1
DA:24,1
LF:18
LH:18
end_of_record
SF:app/db/session.py
DA:1,1
DA:3,1
DA:5,1
DA:6,1
DA:8,1
DA:9,1
DA:11,1
DA:12,1
DA:14,1
DA:15,1
DA:17,1
DA:18,1
DA:21,0
DA:22,0
DA:24,1
DA:25,1
DA:28,1
DA:29,1
DA:32,1
DA:33,1
DA:34,1
DA:35,1
DA:37,1
LF:23
LH:21
FN:28,29,init_db
FNDA:1,init_db
FN:32,37,get_db
FNDA:1,get_db
FNF:2
FNH:2
end_of_record
SF:app/documents/enums.py
DA:1,1
DA:3,1
DA:6,1
DA:7,1
DA:8,1
DA:9,1
DA:10,1
DA:11,1
DA:12,1
DA:13,1
DA:14,1
DA:15,1
DA:16,1
DA:19,1
DA:20,1
DA:21,1
DA:22,1
DA:23,1
LF:18
LH:18
end_of_record
SF:app/documents/repository.py
DA:1,1
DA:3,1
DA:5,1
DA:6,1
DA:8,1
DA:9,1
DA:10,1
DA:13,1
DA:14,1
DA:15,1
DA:17,1
DA:18,1
DA:34,1
DA:35,1
DA:36,1
DA:37,1
DA:39,1
DA:40,1
DA:45,1
DA:47,1
DA:56,1
DA:59,1
DA:67,1
DA:68,0
DA:69,0
DA:70,1
DA:71,0
DA:72,0
DA:73,1
DA:74,0
DA:75,0
DA:76,0
DA:79,1
DA:84,1
DA:85,1
DA:86,1
DA:88,1
DA:100,1
DA:101,1
DA:102,0
DA:103,1
DA:104,1
DA:105,1
DA:106,1
DA:107,1
DA:108,1
DA:109,1
DA:110,1
DA:111,1
DA:112,1
DA:113,1
DA:114,1
DA:115,1
DA:117,1
DA:118,1
DA:119,1
DA:120,0
DA:121,1
DA:122,1
DA:123,1
DA:124,1
DA:125,1
DA:127,1
DA:130,1
DA:134,1
DA:135,1
DA:150,1
DA:152,1
DA:153,1
DA:161,1
DA:162,1
DA:164,1
DA:165,0
DA:168,0
LF:74
LH:63
FN:14,15,DocumentRepository.__init__
FNDA:1,DocumentRepository.__init__
FN:17,37,DocumentRepository.create_document
FNDA:1,DocumentRepository.create_document
FN:39,45,DocumentRepository.get_document
FNDA:1,DocumentRepository.get_document
FN:47,86,DocumentRepository.list_documents
FNDA:1,DocumentRepository.list_documents
FN:88,115,DocumentRepository.update_status
FNDA:1,DocumentRepository.update_status
FN:117,125,DocumentRepository.soft_delete
FNDA:1,DocumentRepository.soft_delete
FN:127,150,DocumentRepository.replace_chunks
FNDA:1,DocumentRepository.replace_chunks
FN:152,162,DocumentRepository.list_chunks
FNDA:1,DocumentRepository.list_chunks
FN:164,168,DocumentRepository.get_distinct_document_ids
FNDA:0,DocumentRepository.get_distinct_document_ids
FNF:9
FNH:8
end_of_record
SF:app/documents/schemas.py
DA:1,1
DA:3,1
DA:4,1
DA:6,1
DA:8,1
DA:11,1
DA:12,1
DA:13,1
DA:14,1
DA:17,1
DA:18,1
DA:19,1
DA:20,1
DA:21,1
DA:22,1
DA:23,1
DA:24,1
DA:25,1
DA:26,1
DA:27,1
DA:28,1
DA:29,1
DA:32,1
DA:33,1
DA:34,1
DA:35,1
DA:36,1
DA:37,1
DA:38,1
DA:39,1
DA:40,1
DA:41,1
DA:42,1
DA:43,1
DA:44,1
DA:45,1
DA:46,1
DA:47,1
DA:48,1
DA:49,1
DA:50,1
DA:51,1
DA:52,1
DA:53,1
DA:55,1
DA:58,1
DA:59,1
DA:60,1
DA:61,1
DA:62,1
DA:65,1
DA:66,1
DA:67,1
DA:68,1
DA:69,1
DA:70,1
DA:71,1
DA:72,1
DA:73,1
DA:74,1
DA:75,1
DA:76,1
DA:77,1
DA:79,1
DA:82,1
DA:83,1
DA:84,1
DA:87,1
DA:88,1
DA:89,1
DA:90,1
DA:91,1
DA:92,1
DA:93,1
DA:96,1
DA:97,1
DA:98,1
DA:99,1
DA:100,1
DA:101,1
DA:104,1
DA:105,1
DA:106,1
DA:107,1
DA:108,1
DA:109,1
DA:110,1
DA:111,1
DA:112,1
DA:113,1
DA:116,1
DA:117,1
DA:118,1
DA:119,1
DA:120,1
DA:121,1
DA:122,1
DA:123,1
DA:124,1
DA:125,1
DA:126,1
DA:127,1
LF:102
LH:102
end_of_record
SF:app/documents/service.py
DA:1,1
DA:3,1
DA:4,1
DA:5,1
DA:7,1
DA:8,1
DA:10,1
DA:11,1
DA:12,1
DA:13,1
DA:15,1
DA:24,1
DA:25,1
DA:28,1
DA:29,1
DA:30,1
DA:31,1
DA:32,1
DA:34,1
DA:37,1
DA:38,1
DA:39,1
DA:40,1
DA:41,0
DA:43,1
DA:44,1
DA:47,1
DA:50,1
DA:64,1
DA:65,1
DA:68,1
LF:31
LH:30
FN:29,32,DocumentService.__init__
FNDA:1,DocumentService.__init__
FN:34,68,DocumentService.upload_document
FNDA:1,DocumentService.upload_document
FNF:2
FNH:2
end_of_record
SF:app/documents/storage.py
DA:1,1
DA:3,1
DA:4,1
DA:5,1
DA:7,1
DA:8,1
DA:10,1
DA:13,1
DA:14,1
DA:15,1
DA:16,1
DA:17,1
DA:18,1
DA:19,0
DA:20,1
DA:21,1
DA:23,1
DA:26,1
DA:27,1
DA:28,1
DA:29,1
DA:31,1
DA:32,1
DA:33,1
DA:34,1
DA:35,1
DA:36,1
DA:37,1
DA:38,1
DA:39,1
DA:40,1
DA:41,1
DA:42,1
LF:33
LH:32
FN:14,21,LocalDocumentStorage.__init__
FNDA:1,LocalDocumentStorage.__init__
FN:23,42,LocalDocumentStorage.save_upload
FNDA:1,LocalDocumentStorage.save_upload
FNF:2
FNH:2
end_of_record
SF:app/embeddings/base.py
DA:1,1
DA:3,1
DA:6,1
LF:3
LH:3
FN:7,7,EmbeddingProvider.embed_texts
FNDA:0,EmbeddingProvider.embed_texts
FNF:1
FNH:0
end_of_record
SF:app/embeddings/cache.py
DA:1,1
DA:3,1
DA:4,1
DA:7,1
DA:8,1
DA:9,1
DA:11,1
DA:12,0
DA:16,1
DA:17,0
DA:19,1
DA:20,0
LF:12
LH:9
FN:8,9,EmbeddingCache.__init__
FNDA:1,EmbeddingCache.__init__
FN:11,14,EmbeddingCache.build_key
FNDA:0,EmbeddingCache.build_key
FN:16,17,EmbeddingCache.get
FNDA:0,EmbeddingCache.get
FN:19,20,EmbeddingCache.set
FNDA:0,EmbeddingCache.set
FNF:4
FNH:1
end_of_record
SF:app/embeddings/providers_openai.py
DA:1,1
DA:3,1
DA:4,1
DA:6,1
DA:8,1
DA:9,1
DA:11,1
DA:14,1
DA:15,1
DA:16,1
DA:17,1
DA:20,1
DA:21,1
DA:23,1
DA:24,1
DA:25,1
DA:26,1
DA:27,1
DA:32,1
DA:33,0
DA:34,0
DA:35,1
DA:36,1
DA:37,1
DA:38,1
DA:43,1
DA:45,1
DA:46,1
DA:47,1
LF:29
LH:27
FN:15,21,OpenAICompatibleEmbeddingProvider.__init__
FNDA:1,OpenAICompatibleEmbeddingProvider.__init__
FN:23,43,OpenAICompatibleEmbeddingProvider.embed_texts
FNDA:1,OpenAICompatibleEmbeddingProvider.embed_texts
FN:45,47,OpenAICompatibleEmbeddingProvider._fake_embedding
FNDA:1,OpenAICompatibleEmbeddingProvider._fake_embedding
FNF:3
FNH:3
end_of_record
SF:app/embeddings/service.py
DA:1,1
DA:3,1
DA:4,1
DA:7,1
DA:8,1
DA:13,1
DA:14,1
DA:16,1
DA:17,0
DA:18,0
DA:19,0
DA:20,0
DA:21,0
DA:22,0
DA:23,0
DA:25,0
DA:26,0
DA:27,0
DA:28,0
DA:29,0
DA:30,0
DA:31,0
DA:32,0
LF:23
LH:8
FN:8,14,EmbeddingService.__init__
FNDA:1,EmbeddingService.__init__
FN:16,32,EmbeddingService.embed_texts
FNDA:0,EmbeddingService.embed_texts
FNF:2
FNH:1
end_of_record
SF:app/ingestion/chunking.py
DA:1,1
DA:3,1
DA:4,1
DA:6,1
DA:8,1
DA:11,1
DA:12,1
DA:15,1
DA:16,1
DA:17,1
DA:19,1
DA:20,1
DA:21,1
DA:22,1
DA:23,1
DA:24,1
DA:25,1
DA:28,1
DA:46,1
DA:47,1
DA:49,1
DA:50,1
DA:51,1
DA:52,0
DA:53,1
DA:54,1
DA:55,1
DA:56,1
DA:57,1
DA:58,1
DA:59,1
DA:60,1
DA:61,1
DA:62,1
DA:63,1
DA:64,1
DA:65,1
DA:66,1
LF:38
LH:37
FN:12,17,RecursiveChunkSplitter.__init__
FNDA:1,RecursiveChunkSplitter.__init__
FN:19,47,RecursiveChunkSplitter.split
FNDA:1,RecursiveChunkSplitter.split
FN:49,66,RecursiveChunkSplitter._split_text
FNDA:1,RecursiveChunkSplitter._split_text
FNF:3
FNH:3
end_of_record
SF:app/ingestion/parser_factory.py
DA:1,1
DA:3,1
DA:5,1
DA:8,1
DA:9,1
DA:10,1
DA:11,1
DA:12,1
DA:13,0
DA:14,1
DA:15,0
DA:16,1
DA:17,1
DA:18,0
DA:19,0
DA:20,0
LF:16
LH:11
FN:10,20,ParserFactory.create
FNDA:1,ParserFactory.create
FNF:1
FNH:1
end_of_record
SF:app/ingestion/parsers.py
DA:1,1
DA:3,1
DA:4,1
DA:6,1
DA:7,1
DA:8,1
DA:10,1
DA:13,1
DA:19,1
DA:20,1
DA:23,0
DA:24,0
DA:25,0
DA:26,0
DA:27,0
DA:28,0
DA:29,0
DA:30,0
DA:31,0
DA:40,0
DA:53,1
DA:54,1
DA:55,1
DA:57,1
DA:60,1
DA:61,1
DA:62,1
DA:63,1
DA:64,1
DA:65,1
DA:66,1
DA:67,1
DA:68,1
DA:69,1
DA:70,1
DA:71,1
DA:79,1
DA:80,1
DA:81,1
DA:82,1
DA:83,1
DA:84,1
DA:86,1
DA:87,1
DA:88,1
DA:89,1
DA:97,1
DA:98,1
DA:99,1
DA:112,1
DA:113,1
DA:116,1
DA:117,1
DA:118,1
DA:131,1
DA:132,1
DA:135,0
DA:136,0
DA:137,0
DA:138,0
LF:60
LH:46
FN:14,16,DocumentParser.parse
FNDA:0,DocumentParser.parse
FN:20,50,PDFParser.parse
FNDA:0,PDFParser.parse
FN:54,55,MarkdownParser.__init__
FNDA:1,MarkdownParser.__init__
FN:57,109,MarkdownParser.parse
FNDA:1,MarkdownParser.parse
FN:113,128,TXTParser.parse
FNDA:1,TXTParser.parse
FN:132,148,DOCXParser.parse
FNDA:0,DOCXParser.parse
FNF:6
FNH:3
end_of_record
SF:app/ingestion/pipeline.py
DA:1,1
DA:3,1
DA:4,1
DA:6,1
DA:7,1
DA:8,1
DA:9,1
DA:10,1
DA:11,1
DA:12,1
DA:14,1
DA:17,1
DA:18,1
DA:19,1
DA:20,1
DA:21,1
DA:23,1
DA:26,1
DA:27,1
DA:28,1
DA:29,1
DA:30,1
DA:31,0
DA:32,1
DA:33,1
DA:34,1
DA:41,1
DA:42,1
DA:43,1
DA:50,1
DA:53,1
DA:54,1
DA:55,1
DA:66,1
DA:67,1
DA:68,1
DA:74,1
DA:82,1
DA:90,1
DA:95,0
DA:96,0
DA:100,0
DA:107,0
DA:109,1
LF:44
LH:39
FN:18,21,IngestionPipeline.__init__
FNDA:1,IngestionPipeline.__init__
FN:23,109,IngestionPipeline.run
FNDA:1,IngestionPipeline.run
FNF:2
FNH:2
end_of_record
SF:app/ingestion/tasks.py
DA:1,1
DA:3,1
DA:5,1
DA:8,1
DA:9,1
DA:12,0
DA:14,0
DA:15,0
LF:8
LH:5
FN:9,17,ingest_document_task
FNDA:0,ingest_document_task
FNF:1
FNH:0
end_of_record
SF:app/main.py
DA:1,1
DA:3,1
DA:4,1
DA:5,1
DA:6,1
DA:7,1
DA:9,1
DA:10,1
DA:11,1
DA:12,1
DA:13,1
DA:14,1
DA:16,1
DA:17,1
DA:18,1
DA:19,1
DA:20,1
DA:21,1
DA:22,1
DA:23,1
DA:24,1
DA:25,1
DA:26,1
DA:27,1
DA:28,1
DA:29,1
DA:30,1
DA:31,1
DA:32,1
DA:33,1
DA:34,1
DA:35,1
DA:36,1
DA:37,1
DA:38,1
DA:39,1
DA:41,1
DA:43,1
DA:44,1
DA:45,1
DA:46,1
DA:47,1
DA:48,1
DA:49,1
DA:50,1
DA:57,1
DA:58,1
DA:59,1
DA:60,1
DA:61,1
DA:62,1
DA:63,1
DA:64,1
DA:65,1
DA:66,1
DA:67,1
DA:68,1
DA:69,1
DA:73,1
DA:78,1
DA:79,1
DA:80,0
DA:81,0
DA:82,0
DA:83,0
DA:86,1
DA:87,1
DA:88,1
DA:89,1
DA:90,1
DA:93,1
DA:94,1
DA:95,1
DA:98,1
DA:99,1
DA:102,1
DA:103,1
DA:104,1
DA:107,1
DA:108,1
DA:109,1
DA:110,1
DA:111,1
DA:112,1
DA:113,1
DA:114,1
DA:117,1
DA:118,1
DA:121,1
DA:122,1
DA:123,1
DA:126,1
DA:127,1
DA:128,1
DA:129,1
DA:130,1
DA:133,1
DA:134,1
DA:135,1
DA:138,1
DA:139,1
DA:140,0
DA:143,1
DA:144,1
DA:145,0
DA:148,1
DA:149,1
DA:150,1
DA:151,1
DA:152,1
DA:155,1
DA:156,1
DA:157,1
DA:158,1
DA:159,1
DA:160,1
DA:161,1
DA:162,1
DA:163,1
DA:164,1
DA:165,1
DA:168,1
DA:169,1
DA:170,1
DA:178,1
DA:180,0
DA:181,0
DA:182,0
DA:185,1
DA:187,0
DA:188,0
DA:189,0
DA:192,1
DA:193,1
DA:195,0
DA:196,0
DA:197,0
DA:198,0
DA:199,0
DA:200,0
DA:205,0
DA:206,0
DA:207,0
DA:208,0
DA:209,0
DA:210,0
DA:211,0
DA:212,0
DA:213,0
DA:214,0
DA:215,0
DA:216,0
DA:217,0
DA:218,0
DA:221,1
DA:222,1
DA:225,1
DA:226,1
DA:228,0
DA:229,0
DA:230,0
DA:231,0
DA:238,1
DA:239,1
DA:242,1
DA:243,1
DA:244,1
DA:247,1
DA:248,1
DA:249,1
DA:250,1
DA:253,1
DA:254,1
DA:255,1
DA:263,1
DA:264,1
DA:275,1
DA:276,1
DA:279,1
DA:280,1
DA:283,1
DA:284,1
DA:285,1
DA:289,1
DA:290,1
DA:291,1
DA:298,1
DA:299,1
DA:309,1
DA:310,1
DA:313,1
DA:314,1
DA:315,1
DA:316,1
DA:317,1
DA:325,1
DA:327,1
DA:330,1
DA:332,0
DA:333,0
DA:334,0
DA:340,0
DA:341,0
DA:347,0
DA:352,0
DA:360,1
DA:361,1
DA:365,0
DA:366,0
DA:367,0
DA:370,0
DA:371,0
DA:372,0
DA:375,0
DA:378,0
DA:379,0
DA:382,0
DA:390,0
DA:391,0
DA:392,0
DA:394,0
DA:395,0
DA:396,0
DA:397,0
DA:398,0
DA:401,0
DA:414,0
DA:424,1
DA:425,1
DA:429,0
DA:430,0
DA:431,0
DA:433,0
DA:435,0
DA:442,0
DA:443,0
DA:444,0
DA:446,0
DA:447,0
DA:448,0
DA:449,0
DA:450,0
DA:452,0
DA:465,0
DA:475,1
DA:476,1
DA:479,1
DA:480,1
DA:481,1
DA:482,1
DA:483,0
DA:484,1
DA:485,1
DA:487,1
DA:488,1
DA:489,1
DA:490,1
DA:491,1
DA:499,1
DA:500,1
DA:501,1
DA:502,1
DA:503,1
DA:504,1
DA:505,1
DA:507,1
DA:508,1
DA:509,1
DA:510,1
DA:518,1
DA:521,1
DA:524,1
DA:525,1
DA:526,1
DA:527,1
DA:528,1
DA:532,0
DA:533,0
DA:535,1
DA:537,1
DA:538,1
DA:543,1
DA:544,1
DA:545,0
DA:546,1
DA:547,1
DA:554,1
DA:555,1
DA:558,1
DA:568,1
DA:569,1
DA:570,1
DA:571,1
DA:572,1
DA:575,1
DA:578,1
DA:579,1
DA:580,1
DA:581,1
DA:582,1
DA:585,1
DA:592,1
DA:593,1
DA:596,1
DA:597,0
DA:603,0
DA:604,1
DA:609,1
DA:610,1
DA:617,1
DA:618,1
DA:619,1
DA:620,1
DA:621,1
DA:622,0
DA:623,1
DA:624,0
DA:625,0
DA:626,1
DA:627,1
DA:638,1
DA:639,1
DA:642,1
DA:643,1
DA:644,1
DA:645,0
DA:646,0
DA:650,0
DA:652,1
DA:653,1
DA:665,1
DA:674,1
DA:694,1
DA:695,1
DA:709,1
DA:710,1
DA:711,1
DA:712,1
DA:713,1
DA:716,1
DA:717,1
DA:718,1
DA:719,1
DA:721,1
DA:722,1
DA:723,1
DA:725,1
DA:726,1
DA:727,0
DA:728,1
DA:731,1
DA:732,1
DA:733,1
DA:734,0
LF:354
LH:262
FN:79,83,serve_frontend
FNDA:0,serve_frontend
FN:139,140,healthz
FNDA:0,healthz
FN:144,145,metrics
FNDA:0,metrics
FN:149,152,get_runtime_config
FNDA:1,get_runtime_config
FN:156,165,patch_runtime_config
FNDA:1,patch_runtime_config
FN:169,175,list_skills
FNDA:1,list_skills
FN:178,182,_strip_provider_prefix
FNDA:0,_strip_provider_prefix
FN:185,189,_ensure_openai_prefix
FNDA:0,_ensure_openai_prefix
FN:193,218,list_models
FNDA:0,list_models
FN:226,235,switch_model
FNDA:0,switch_model
FN:239,244,detect_intent
FNDA:1,detect_intent
FN:248,272,chat
FNDA:1,chat
FN:276,327,chat_stream
FNDA:1,chat_stream
FN:289,325,chat_stream.event_source
FNDA:1,chat_stream.event_source
FN:330,357,_handle_terminal_tool
FNDA:0,_handle_terminal_tool
FN:361,421,chat_react
FNDA:0,chat_react
FN:425,472,chat_orchestrate
FNDA:0,chat_orchestrate
FN:475,565,_prepare_chat
FNDA:1,_prepare_chat
FN:568,572,_generate_reply_with_fallback
FNDA:1,_generate_reply_with_fallback
FN:575,582,_stream_reply_with_fallback
FNDA:1,_stream_reply_with_fallback
FN:585,639,_run_skills
FNDA:1,_run_skills
FN:642,662,_discover_remote_tools
FNDA:1,_discover_remote_tools
FN:665,691,_emit_response_generated_hook
FNDA:1,_emit_response_generated_hook
FN:694,706,_serialize_intent_result
FNDA:1,_serialize_intent_result
FN:709,713,_verify_admin_secret
FNDA:1,_verify_admin_secret
FN:716,728,_extract_admin_secret
FNDA:1,_extract_admin_secret
FN:731,734,_get_client_ip
FNDA:1,_get_client_ip
FNF:27
FNH:17
end_of_record
SF:app/memory/__init__.py
end_of_record
SF:app/memory/base.py
DA:1,1
DA:2,1
DA:5,1
DA:6,1
DA:7,1
DA:8,0
LF:6
LH:5
FN:7,8,MemoryStore.add
FNDA:0,MemoryStore.add
FNF:1
FNH:0
end_of_record
SF:app/memory/long_term.py
DA:1,1
DA:3,1
DA:4,1
DA:6,1
DA:7,1
DA:8,1
DA:9,1
DA:12,1
DA:13,1
DA:20,1
DA:21,1
DA:22,1
DA:23,1
DA:26,1
DA:32,1
DA:34,1
DA:35,1
DA:36,1
DA:43,1
DA:48,1
DA:50,1
DA:53,1
DA:59,1
DA:61,1
DA:67,0
LF:25
LH:24
FN:13,32,LongTermMemory.__init__
FNDA:1,LongTermMemory.__init__
FN:34,48,LongTermMemory.save_summary
FNDA:1,LongTermMemory.save_summary
FN:50,59,LongTermMemory.search
FNDA:1,LongTermMemory.search
FN:61,72,LongTermMemory.search_documents
FNDA:0,LongTermMemory.search_documents
FNF:4
FNH:3
end_of_record
SF:app/memory/summarizer.py
DA:1,1
DA:3,1
DA:5,1
DA:7,1
DA:9,1
DA:20,1
DA:21,1
DA:22,1
DA:24,1
DA:25,0
DA:26,0
DA:27,0
DA:28,0
DA:29,0
DA:30,0
DA:32,1
DA:33,1
DA:34,0
DA:36,1
DA:37,1
DA:38,1
DA:39,1
DA:40,1
DA:41,1
DA:43,1
DA:47,1
DA:48,0
DA:50,1
DA:52,1
DA:53,1
DA:54,1
DA:55,1
DA:56,1
DA:57,1
DA:58,0
DA:59,0
DA:61,0
LF:37
LH:26
FN:21,22,Summarizer.__init__
FNDA:1,Summarizer.__init__
FN:24,30,Summarizer.summarize
FNDA:0,Summarizer.summarize
FN:32,41,Summarizer.summarize_messages
FNDA:1,Summarizer.summarize_messages
FN:43,61,Summarizer.summarize_messages_async
FNDA:1,Summarizer.summarize_messages_async
FNF:4
FNH:3
end_of_record
SF:app/memory/vector_retriever.py
DA:1,1
DA:3,1
DA:4,1
DA:5,1
DA:6,1
DA:7,1
DA:8,1
DA:10,1
DA:13,1
DA:14,1
DA:15,1
DA:16,1
DA:17,1
DA:18,1
DA:21,1
DA:22,1
DA:29,1
DA:30,1
DA:31,1
DA:32,1
DA:33,1
DA:35,1
DA:37,1
DA:44,1
DA:45,1
DA:47,1
DA:48,1
DA:49,1
DA:50,1
DA:51,1
DA:53,1
DA:56,1
DA:57,1
DA:62,1
DA:63,1
DA:64,1
DA:65,0
DA:66,1
DA:67,1
DA:69,0
DA:71,1
DA:72,1
DA:82,1
DA:84,1
DA:85,1
DA:86,1
DA:87,1
DA:88,1
DA:89,0
DA:90,1
DA:92,1
DA:93,1
DA:96,1
DA:97,1
DA:99,1
DA:100,1
DA:101,0
DA:102,1
DA:103,1
DA:104,0
DA:105,0
DA:106,0
DA:107,1
DA:108,1
DA:109,1
DA:110,0
DA:111,1
DA:113,1
DA:114,1
DA:115,0
DA:116,1
DA:117,1
DA:118,1
DA:119,0
DA:120,0
DA:122,1
DA:125,1
DA:126,1
DA:132,1
DA:133,1
DA:134,1
DA:135,1
DA:137,1
DA:141,1
DA:142,1
DA:147,0
DA:148,0
DA:149,0
DA:151,1
DA:152,1
DA:153,1
DA:154,0
DA:156,1
DA:157,1
DA:158,0
DA:161,1
DA:162,1
DA:163,1
DA:164,1
DA:167,1
DA:168,1
DA:169,1
DA:170,1
DA:171,1
DA:172,1
DA:173,1
DA:174,1
DA:175,1
DA:176,1
DA:177,1
DA:178,1
DA:179,1
DA:181,1
DA:182,1
DA:183,1
DA:184,1
DA:185,1
DA:194,1
DA:195,1
DA:197,1
DA:204,1
DA:205,1
DA:207,1
DA:208,1
DA:209,1
DA:210,1
DA:212,1
DA:213,1
DA:214,1
DA:215,1
DA:216,1
DA:218,1
DA:219,1
DA:220,1
DA:221,1
DA:222,1
DA:223,1
DA:224,1
DA:225,1
DA:227,1
DA:228,1
DA:229,1
DA:230,1
DA:231,1
DA:232,1
DA:233,1
DA:234,1
DA:235,1
DA:236,1
DA:246,1
LF:150
LH:134
FN:22,33,VectorRetriever.__init__
FNDA:1,VectorRetriever.__init__
FN:37,82,VectorRetriever.search
FNDA:1,VectorRetriever.search
FN:84,90,VectorRetriever._build_where
FNDA:1,VectorRetriever._build_where
FN:92,97,VectorRetriever._build_cache_key
FNDA:1,VectorRetriever._build_cache_key
FN:99,111,VectorRetriever._cache_get
FNDA:1,VectorRetriever._cache_get
FN:113,120,VectorRetriever._cache_set
FNDA:1,VectorRetriever._cache_set
FN:122,135,VectorRetriever._vector_search
FNDA:1,VectorRetriever._vector_search
FN:137,195,VectorRetriever._bm25_search
FNDA:1,VectorRetriever._bm25_search
FN:197,225,VectorRetriever._rrf_fuse
FNDA:1,VectorRetriever._rrf_fuse
FN:227,246,VectorRetriever._normalize_vector_results
FNDA:1,VectorRetriever._normalize_vector_results
FNF:10
FNH:10
end_of_record
SF:app/memory/working.py
DA:1,1
DA:2,1
DA:3,1
DA:5,1
DA:7,1
DA:8,1
DA:9,1
DA:11,1
DA:14,1
DA:24,1
DA:25,1
DA:33,1
DA:34,1
DA:35,1
DA:36,1
DA:37,1
DA:38,1
DA:39,1
DA:40,1
DA:41,1
DA:42,1
DA:43,1
DA:45,1
DA:46,1
DA:48,1
DA:49,1
DA:50,1
DA:51,1
DA:52,1
DA:54,1
DA:55,1
DA:57,1
DA:58,1
DA:59,1
DA:60,1
DA:61,1
DA:63,1
DA:64,1
DA:65,1
DA:66,1
DA:68,1
DA:69,1
DA:70,1
DA:72,1
DA:73,1
DA:74,1
DA:75,0
DA:76,0
DA:77,0
DA:79,1
DA:80,1
DA:81,1
DA:82,1
DA:83,1
DA:85,0
DA:86,0
DA:87,0
DA:88,0
DA:89,0
DA:90,0
DA:92,1
DA:93,1
DA:94,1
DA:95,0
DA:96,1
DA:97,1
DA:99,1
DA:100,1
DA:101,1
DA:102,0
DA:103,0
DA:104,0
DA:106,1
DA:107,1
DA:108,1
DA:109,0
DA:110,1
DA:111,1
DA:112,1
DA:114,1
DA:115,1
DA:116,0
DA:117,0
DA:118,0
DA:120,1
DA:121,1
DA:122,0
DA:123,1
DA:124,1
DA:126,1
DA:127,1
DA:128,1
DA:129,1
DA:130,1
DA:131,1
DA:132,1
LF:96
LH:78
FN:15,15,RedisLike.lpush
FNDA:0,RedisLike.lpush
FN:17,17,RedisLike.ltrim
FNDA:0,RedisLike.ltrim
FN:19,19,RedisLike.lrange
FNDA:0,RedisLike.lrange
FN:21,21,RedisLike.delete
FNDA:0,RedisLike.delete
FN:25,43,WorkingMemory.__init__
FNDA:1,WorkingMemory.__init__
FN:45,46,WorkingMemory.add
FNDA:1,WorkingMemory.add
FN:48,66,WorkingMemory.add_message
FNDA:1,WorkingMemory.add_message
FN:68,77,WorkingMemory.get_messages
FNDA:1,WorkingMemory.get_messages
FN:79,90,WorkingMemory.pop_all_messages
FNDA:1,WorkingMemory.pop_all_messages
FN:92,104,WorkingMemory.pop_archive_batch
FNDA:1,WorkingMemory.pop_archive_batch
FN:106,118,WorkingMemory.clear_archive_batch
FNDA:1,WorkingMemory.clear_archive_batch
FN:120,124,WorkingMemory._enable_fallback
FNDA:1,WorkingMemory._enable_fallback
FN:126,132,WorkingMemory._add_message_fallback
FNDA:1,WorkingMemory._add_message_fallback
FNF:13
FNH:9
end_of_record
SF:app/middleware/__init__.py
DA:1,1
DA:3,1
LF:2
LH:2
end_of_record
SF:app/middleware/telemetry.py
DA:1,1
DA:3,1
DA:4,1
DA:5,1
DA:7,1
DA:8,1
DA:9,1
DA:10,1
DA:12,1
DA:19,1
DA:25,1
DA:26,1
DA:27,1
DA:28,1
DA:30,1
DA:31,1
DA:32,1
DA:33,1
DA:34,1
DA:35,1
DA:36,1
DA:37,1
DA:38,1
DA:39,1
DA:40,0
DA:41,0
DA:42,1
DA:46,1
DA:47,1
DA:48,1
DA:49,1
DA:53,1
DA:57,1
DA:58,0
DA:59,1
DA:61,1
DA:70,1
DA:71,1
DA:72,1
DA:73,1
DA:74,1
DA:75,1
DA:78,1
DA:79,1
DA:90,1
DA:92,1
DA:100,1
DA:101,1
DA:102,1
DA:103,1
DA:104,1
DA:105,1
DA:108,1
DA:109,1
DA:119,1
DA:120,1
DA:121,1
LF:57
LH:54
FN:26,28,TelemetryMiddleware.__init__
FNDA:1,TelemetryMiddleware.__init__
FN:30,59,TelemetryMiddleware.dispatch
FNDA:1,TelemetryMiddleware.dispatch
FN:61,90,TelemetryMiddleware._finalize_response
FNDA:1,TelemetryMiddleware._finalize_response
FN:92,121,TelemetryMiddleware._build_error_response
FNDA:1,TelemetryMiddleware._build_error_response
FNF:4
FNH:4
end_of_record
SF:app/middleware/tenant_isolation.py
DA:1,1
DA:3,1
DA:4,1
DA:6,1
DA:7,1
DA:8,1
DA:9,1
DA:11,1
DA:12,1
DA:14,1
DA:20,1
DA:21,1
DA:22,1
DA:23,1
DA:25,1
DA:26,1
DA:27,1
DA:28,1
DA:38,1
DA:40,1
DA:41,1
DA:42,1
DA:44,1
DA:45,1
DA:48,1
DA:49,1
DA:50,1
DA:51,1
DA:54,1
DA:63,1
DA:64,1
DA:65,1
DA:66,1
LF:33
LH:33
FN:21,23,TenantIsolationMiddleware.__init__
FNDA:1,TenantIsolationMiddleware.__init__
FN:25,42,TenantIsolationMiddleware.dispatch
FNDA:1,TenantIsolationMiddleware.dispatch
FN:44,60,TenantIsolationMiddleware._build_tenant_context
FNDA:1,TenantIsolationMiddleware._build_tenant_context
FN:63,66,_parse_csv_header
FNDA:1,_parse_csv_header
FNF:4
FNH:4
end_of_record
SF:app/models/__init__.py
DA:1,1
DA:3,1
LF:2
LH:2
end_of_record
SF:app/models/tenant.py
DA:1,1
DA:3,1
DA:5,1
DA:8,1
DA:9,1
DA:10,1
DA:11,1
DA:12,1
DA:13,1
DA:15,1
DA:16,1
LF:11
LH:11
FN:15,16,TenantContext.can_access
FNDA:1,TenantContext.can_access
FNF:1
FNH:1
end_of_record
SF:app/plugins/__init__.py
DA:1,1
DA:3,1
LF:2
LH:2
end_of_record
SF:app/plugins/manager.py
DA:1,1
DA:3,1
DA:4,1
DA:5,1
DA:6,1
DA:7,1
DA:9,1
DA:11,1
DA:17,1
DA:18,1
DA:19,1
DA:21,1
DA:22,1
DA:23,1
DA:24,1
DA:26,1
DA:27,1
DA:28,1
DA:29,1
DA:31,1
DA:32,1
DA:33,1
DA:34,0
DA:35,1
DA:36,1
DA:37,1
DA:38,1
DA:40,1
DA:41,1
DA:42,1
DA:43,1
DA:44,0
DA:45,1
DA:46,1
DA:58,1
DA:59,1
DA:60,1
DA:61,0
DA:62,1
DA:63,1
DA:64,1
LF:41
LH:38
FN:18,19,PluginManager.__init__
FNDA:1,PluginManager.__init__
FN:22,24,PluginManager.from_env
FNDA:1,PluginManager.from_env
FN:27,38,PluginManager.load_from_dir
FNDA:1,PluginManager.load_from_dir
FN:40,55,PluginManager.emit
FNDA:1,PluginManager.emit
FN:58,64,_load_module
FNDA:1,_load_module
FNF:5
FNH:5
end_of_record
SF:app/rag/context_builder.py
DA:1,1
DA:3,1
DA:4,1
DA:5,1
DA:8,1
DA:9,1
DA:10,1
DA:12,1
DA:13,1
DA:14,1
DA:15,1
DA:16,1
DA:17,1
DA:18,1
DA:19,1
DA:20,1
DA:21,1
DA:22,1
DA:23,1
DA:24,1
DA:25,1
DA:26,1
DA:27,1
DA:28,1
DA:29,1
DA:38,1
DA:39,1
DA:40,1
LF:28
LH:28
FN:9,10,RAGContextBuilder.__init__
FNDA:1,RAGContextBuilder.__init__
FN:12,47,RAGContextBuilder.build
FNDA:1,RAGContextBuilder.build
FNF:2
FNH:2
end_of_record
SF:app/rag/schemas.py
DA:1,1
DA:3,1
DA:5,1
DA:7,1
DA:10,1
DA:11,1
DA:12,1
DA:13,1
DA:14,1
DA:15,1
DA:16,1
LF:11
LH:11
end_of_record
SF:app/retrieval/chroma_store.py
DA:1,1
DA:3,1
DA:4,1
DA:5,1
DA:7,1
DA:8,1
DA:11,1
DA:15,1
DA:16,1
DA:23,1
DA:24,1
DA:25,1
DA:27,1
DA:28,1
DA:29,1
DA:30,1
DA:31,1
DA:32,1
DA:33,1
DA:34,1
DA:35,1
DA:36,1
DA:37,1
DA:43,1
DA:44,1
DA:46,1
DA:49,1
DA:52,1
DA:53,1
DA:58,1
DA:59,1
DA:60,0
DA:62,1
DA:63,1
DA:64,1
DA:65,1
LF:36
LH:35
FN:12,12,EmbeddingServiceLike.embed_texts
FNDA:0,EmbeddingServiceLike.embed_texts
FN:16,25,ChromaDocumentStore.__init__
FNDA:1,ChromaDocumentStore.__init__
FN:27,44,ChromaDocumentStore.upsert_chunks
FNDA:1,ChromaDocumentStore.upsert_chunks
FN:46,60,ChromaDocumentStore.query
FNDA:1,ChromaDocumentStore.query
FN:62,65,ChromaDocumentStore.delete_document
FNDA:1,ChromaDocumentStore.delete_document
FNF:5
FNH:4
end_of_record
SF:app/retrieval/schemas.py
DA:1,1
DA:3,1
DA:5,1
DA:8,1
DA:9,1
DA:10,1
DA:13,1
DA:14,1
DA:15,1
DA:16,1
DA:17,1
DA:20,1
DA:21,1
DA:22,1
DA:23,1
DA:24,1
DA:25,1
DA:26,1
DA:29,1
DA:30,1
DA:31,1
LF:21
LH:21
end_of_record
SF:app/retrieval/service.py
DA:1,1
DA:3,1
DA:5,1
DA:6,1
DA:7,1
DA:8,1
DA:11,1
DA:12,1
DA:15,1
DA:16,1
DA:17,1
DA:19,1
DA:20,1
DA:21,1
DA:24,1
DA:25,1
DA:26,1
DA:27,1
DA:28,1
DA:29,1
DA:30,1
DA:31,1
DA:32,1
DA:33,1
DA:34,0
DA:35,1
DA:51,1
DA:53,1
DA:54,1
DA:55,1
DA:56,1
DA:57,1
DA:58,1
DA:59,1
DA:60,1
DA:61,1
DA:63,1
DA:64,1
DA:65,1
DA:66,1
DA:67,1
DA:68,1
DA:69,1
DA:70,1
DA:71,1
DA:72,1
LF:46
LH:45
FN:12,17,RetrievalService.__init__
FNDA:1,RetrievalService.__init__
FN:19,51,RetrievalService.search
FNDA:1,RetrievalService.search
FN:53,61,RetrievalService._build_where
FNDA:1,RetrievalService._build_where
FN:63,72,RetrievalService._dedupe
FNDA:1,RetrievalService._dedupe
FNF:4
FNH:4
end_of_record
SF:app/skills/__init__.py
end_of_record
SF:app/skills/mcp_client.py
DA:1,1
DA:3,1
DA:4,1
DA:6,1
DA:7,1
DA:8,1
DA:10,1
DA:13,1
DA:14,1
DA:15,1
DA:16,1
DA:17,1
DA:20,1
DA:21,1
DA:29,1
DA:30,1
DA:31,1
DA:32,1
DA:35,1
DA:36,1
DA:38,1
DA:47,1
DA:48,1
DA:49,1
DA:50,1
DA:51,1
DA:52,1
DA:53,1
DA:54,1
DA:55,0
DA:56,0
DA:57,1
DA:58,0
DA:59,0
DA:61,1
DA:62,1
DA:63,1
DA:66,1
DA:67,1
DA:68,1
DA:69,1
DA:70,1
DA:71,1
DA:72,1
DA:75,1
DA:76,0
DA:77,0
DA:78,0
DA:79,0
DA:80,0
DA:81,0
DA:82,0
DA:83,0
DA:84,0
DA:86,1
DA:88,1
DA:91,1
DA:92,1
DA:98,1
DA:99,1
DA:102,0
DA:104,1
DA:112,1
DA:113,1
DA:119,1
DA:120,1
DA:121,1
DA:122,1
DA:123,1
DA:126,1
DA:127,1
DA:133,1
DA:134,0
DA:140,1
DA:141,1
DA:142,0
DA:143,1
DA:144,1
DA:150,0
DA:151,0
DA:157,0
DA:159,1
DA:160,1
DA:162,1
DA:163,1
DA:164,1
DA:167,1
LF:87
LH:68
FN:21,32,MCPToolExecutionError.__init__
FNDA:1,MCPToolExecutionError.__init__
FN:38,59,MCPClient.__init__
FNDA:1,MCPClient.__init__
FN:61,86,MCPClient.list_tools
FNDA:1,MCPClient.list_tools
FN:88,102,MCPClient.call_tool
FNDA:1,MCPClient.call_tool
FN:104,157,MCPClient._request_json
FNDA:1,MCPClient._request_json
FN:159,160,MCPClient._default_client_factory
FNDA:1,MCPClient._default_client_factory
FN:163,164,MCPClient._is_retryable_error
FNDA:1,MCPClient._is_retryable_error
FNF:7
FNH:7
end_of_record
SF:app/skills/registry.py
DA:1,1
DA:4,1
DA:5,1
DA:6,1
DA:7,1
DA:8,1
DA:9,1
DA:12,1
DA:13,1
DA:14,1
DA:16,1
DA:24,1
DA:31,1
DA:32,1
DA:34,1
DA:35,1
DA:36,1
DA:37,1
DA:40,1
DA:41,1
DA:42,1
DA:43,1
DA:44,1
DA:45,1
DA:46,1
DA:47,1
LF:26
LH:26
FN:13,14,SkillRegistry.__init__
FNDA:1,SkillRegistry.__init__
FN:16,29,SkillRegistry.register
FNDA:1,SkillRegistry.register
FN:31,32,SkillRegistry.list_skills
FNDA:1,SkillRegistry.list_skills
FN:34,37,SkillRegistry.get_allowed_skills
FNDA:1,SkillRegistry.get_allowed_skills
FNF:4
FNH:4
end_of_record
SF:app/skills/terminal_exec.py
DA:1,1
DA:3,1
DA:4,1
DA:5,1
DA:6,1
DA:8,1
DA:11,1
DA:12,1
DA:13,1
DA:14,1
DA:15,1
DA:16,1
DA:19,1
DA:27,0
DA:28,0
DA:30,0
DA:31,0
DA:38,0
DA:39,0
DA:44,0
DA:45,0
DA:51,0
DA:52,0
DA:53,0
DA:54,0
DA:55,0
DA:56,0
DA:57,0
DA:58,0
DA:59,0
DA:60,0
DA:61,0
DA:62,0
DA:63,0
DA:71,1
DA:73,0
DA:74,0
DA:75,0
DA:76,0
DA:77,0
DA:78,0
DA:79,0
DA:81,0
DA:82,0
DA:83,0
DA:84,0
LF:46
LH:14
FN:19,68,execute_command
FNDA:0,execute_command
FN:71,84,format_terminal_result
FNDA:0,format_terminal_result
FNF:2
FNH:0
end_of_record
SF:app/utils/__init__.py
end_of_record
SF:app/utils/observability.py
DA:1,1
DA:3,1
DA:4,1
DA:5,1
DA:6,1
DA:7,1
DA:8,1
DA:9,1
DA:10,1
DA:11,1
DA:12,1
DA:14,1
DA:15,1
DA:25,1
DA:26,1
DA:31,1
DA:32,1
DA:33,1
DA:34,1
DA:35,1
DA:36,1
DA:37,1
DA:40,1
DA:41,1
DA:42,1
DA:43,1
DA:44,1
DA:45,1
DA:46,1
DA:47,1
DA:49,1
DA:50,1
DA:52,1
DA:53,0
DA:55,1
DA:58,0
DA:59,0
DA:60,0
DA:61,0
DA:63,1
DA:64,0
DA:67,1
DA:68,1
DA:69,1
DA:79,1
DA:80,1
DA:81,1
DA:82,1
DA:83,1
DA:84,1
DA:85,1
DA:86,1
DA:89,1
DA:119,1
DA:122,1
DA:123,1
DA:124,1
DA:125,1
DA:126,1
DA:127,1
DA:128,1
DA:129,1
DA:130,1
DA:131,1
DA:132,1
DA:133,1
DA:134,1
DA:135,1
DA:136,1
DA:137,1
DA:138,1
DA:139,1
DA:142,1
DA:143,1
DA:144,1
DA:145,1
DA:146,1
DA:147,1
DA:148,1
DA:149,1
DA:181,1
DA:182,1
DA:185,1
DA:188,1
DA:189,1
DA:190,1
DA:191,1
DA:192,1
DA:193,1
DA:196,1
DA:197,0
DA:204,1
DA:205,1
DA:206,1
DA:207,0
DA:208,0
DA:209,0
DA:210,1
DA:213,1
DA:219,1
DA:220,1
DA:221,0
DA:222,1
DA:225,1
DA:231,1
DA:232,1
DA:233,0
DA:234,1
DA:237,1
DA:238,1
DA:239,1
DA:240,0
DA:241,1
DA:244,1
DA:245,1
DA:246,1
DA:247,1
DA:248,0
LF:118
LH:104
FN:49,50,Observability.render_metrics
FNDA:1,Observability.render_metrics
FN:52,53,Observability.metrics_response
FNDA:0,Observability.metrics_response
FN:55,61,Observability.record_llm_token_usage
FNDA:0,Observability.record_llm_token_usage
FN:63,64,Observability.record_memory_cache_hit
FNDA:0,Observability.record_memory_cache_hit
FN:68,86,JsonLogFormatter.format
FNDA:1,JsonLogFormatter.format
FN:119,139,configure_structured_logging
FNDA:1,configure_structured_logging
FN:142,182,create_observability
FNDA:1,create_observability
FN:185,193,set_log_context
FNDA:1,set_log_context
FN:196,201,get_log_context
FNDA:0,get_log_context
FN:204,210,_build_default_registry
FNDA:1,_build_default_registry
FN:213,222,_get_or_create_counter
FNDA:1,_get_or_create_counter
FN:225,234,_get_or_create_histogram
FNDA:1,_get_or_create_histogram
FN:237,241,_get_or_create_gauge
FNDA:1,_get_or_create_gauge
FN:244,248,_lookup_collector
FNDA:1,_lookup_collector
FNF:14
FNH:10
end_of_record
SF:app/utils/redis_client.py
DA:1,1
DA:3,1
DA:5,1
DA:7,1
DA:10,1
DA:11,1
DA:12,1
LF:7
LH:7
FN:10,17,get_redis_client
FNDA:1,get_redis_client
FNF:1
FNH:1
end_of_record
SF:app/utils/vector_client.py
DA:1,1
DA:3,1
DA:4,1
DA:6,1
DA:9,1
DA:10,1
DA:11,1
DA:13,1
DA:14,1
DA:15,1
DA:17,1
DA:18,1
DA:19,1
DA:20,1
DA:21,1
DA:22,1
DA:29,1
DA:30,1
DA:31,1
DA:37,1
DA:38,1
DA:39,0
DA:40,1
DA:41,1
DA:46,1
DA:48,1
DA:49,1
DA:50,1
DA:53,1
DA:54,1
DA:55,1
DA:57,1
DA:58,1
DA:61,1
DA:62,1
DA:65,1
DA:66,1
DA:67,1
DA:68,1
DA:69,1
DA:70,1
DA:71,1
DA:72,1
DA:73,1
DA:76,1
DA:78,1
DA:83,1
LF:47
LH:46
FN:10,11,InMemoryCollection.__init__
FNDA:1,InMemoryCollection.__init__
FN:13,15,InMemoryCollection.add
FNDA:1,InMemoryCollection.add
FN:17,27,InMemoryCollection.query
FNDA:1,InMemoryCollection.query
FN:29,35,InMemoryCollection.get
FNDA:1,InMemoryCollection.get
FN:37,46,InMemoryCollection._filter
FNDA:1,InMemoryCollection._filter
FN:49,50,InMemoryCollection._filter_clause
FNDA:1,InMemoryCollection._filter_clause
FN:54,55,InMemoryVectorClient.__init__
FNDA:1,InMemoryVectorClient.__init__
FN:57,58,InMemoryVectorClient.get_or_create_collection
FNDA:1,InMemoryVectorClient.get_or_create_collection
FN:65,83,get_vector_client
FNDA:1,get_vector_client
FNF:9
FNH:9
end_of_record
